2019-12-16 08:04:37 [Test worker] INFO  c.e.s.d.DomainControllerContractTest - Starting DomainControllerContractTest on DESKTOP-MI3HEM8 with PID 18928 (started by Tim in C:\dev\training\aws-secure-config\secure-config-client)
2019-12-16 08:04:37 [Test worker] DEBUG c.e.s.d.DomainControllerContractTest - Running with Spring Boot v2.2.0.RELEASE, Spring v5.2.0.RELEASE
2019-12-16 08:04:37 [Test worker] INFO  c.e.s.d.DomainControllerContractTest - No active profile set, falling back to default profiles: default
2019-12-16 08:04:39 [Test worker] INFO  o.s.d.r.c.RepositoryConfigurationDelegate - Bootstrapping Spring Data repositories in DEFAULT mode.
2019-12-16 08:04:39 [Test worker] INFO  o.s.d.r.c.RepositoryConfigurationDelegate - Finished Spring Data repository scanning in 125ms. Found 1 repository interfaces.
2019-12-16 08:04:41 [Test worker] INFO  o.s.c.s.PostProcessorRegistrationDelegate$BeanPostProcessorChecker - Bean 'org.springframework.transaction.annotation.ProxyTransactionManagementConfiguration' of type [org.springframework.transaction.annotation.ProxyTransactionManagementConfiguration] is not eligible for getting processed by all BeanPostProcessors (for example: not eligible for auto-proxying)
2019-12-16 08:04:42 [Test worker] INFO  com.zaxxer.hikari.HikariDataSource - HikariPool-1 - Starting...
2019-12-16 08:04:42 [Test worker] INFO  com.zaxxer.hikari.HikariDataSource - HikariPool-1 - Start completed.
2019-12-16 08:04:43 [Test worker] INFO  o.s.o.j.LocalContainerEntityManagerFactoryBean - Initialized JPA EntityManagerFactory for persistence unit 'myApi'
2019-12-16 08:04:43 [Test worker] DEBUG c.e.s.c.AWSCredentialsConfiguration - Using AWS profile tim-dev
2019-12-16 08:04:44 [Test worker] INFO  liquibase.executor.jvm.JdbcExecutor - SELECT COUNT(*) FROM PUBLIC.DATABASECHANGELOGLOCK
2019-12-16 08:04:44 [Test worker] INFO  liquibase.executor.jvm.JdbcExecutor - CREATE TABLE PUBLIC.DATABASECHANGELOGLOCK (ID INT NOT NULL, LOCKED BOOLEAN NOT NULL, LOCKGRANTED TIMESTAMP, LOCKEDBY VARCHAR(255), CONSTRAINT PK_DATABASECHANGELOGLOCK PRIMARY KEY (ID))
2019-12-16 08:04:44 [Test worker] INFO  liquibase.executor.jvm.JdbcExecutor - SELECT COUNT(*) FROM PUBLIC.DATABASECHANGELOGLOCK
2019-12-16 08:04:44 [Test worker] INFO  liquibase.executor.jvm.JdbcExecutor - DELETE FROM PUBLIC.DATABASECHANGELOGLOCK
2019-12-16 08:04:44 [Test worker] INFO  liquibase.executor.jvm.JdbcExecutor - INSERT INTO PUBLIC.DATABASECHANGELOGLOCK (ID, LOCKED) VALUES (1, FALSE)
2019-12-16 08:04:44 [Test worker] INFO  liquibase.executor.jvm.JdbcExecutor - SELECT LOCKED FROM PUBLIC.DATABASECHANGELOGLOCK WHERE ID=1
2019-12-16 08:04:44 [Test worker] INFO  l.lockservice.StandardLockService - Successfully acquired change log lock
2019-12-16 08:04:46 [Test worker] INFO  l.c.StandardChangeLogHistoryService - Creating database history table with name: PUBLIC.DATABASECHANGELOG
2019-12-16 08:04:46 [Test worker] INFO  liquibase.executor.jvm.JdbcExecutor - CREATE TABLE PUBLIC.DATABASECHANGELOG (ID VARCHAR(255) NOT NULL, AUTHOR VARCHAR(255) NOT NULL, FILENAME VARCHAR(255) NOT NULL, DATEEXECUTED TIMESTAMP NOT NULL, ORDEREXECUTED INT NOT NULL, EXECTYPE VARCHAR(10) NOT NULL, MD5SUM VARCHAR(35), DESCRIPTION VARCHAR(255), COMMENTS VARCHAR(255), TAG VARCHAR(255), LIQUIBASE VARCHAR(20), CONTEXTS VARCHAR(255), LABELS VARCHAR(255), DEPLOYMENT_ID VARCHAR(10))
2019-12-16 08:04:46 [Test worker] INFO  liquibase.executor.jvm.JdbcExecutor - SELECT COUNT(*) FROM PUBLIC.DATABASECHANGELOG
2019-12-16 08:04:46 [Test worker] INFO  l.c.StandardChangeLogHistoryService - Reading from PUBLIC.DATABASECHANGELOG
2019-12-16 08:04:46 [Test worker] INFO  liquibase.executor.jvm.JdbcExecutor - SELECT * FROM PUBLIC.DATABASECHANGELOG ORDER BY DATEEXECUTED ASC, ORDEREXECUTED ASC
2019-12-16 08:04:46 [Test worker] INFO  liquibase.executor.jvm.JdbcExecutor - SELECT COUNT(*) FROM PUBLIC.DATABASECHANGELOGLOCK
2019-12-16 08:04:46 [Test worker] INFO  liquibase.executor.jvm.JdbcExecutor - CREATE TABLE PUBLIC.person (person_id BIGINT(20) AUTO_INCREMENT NOT NULL, first_name VARCHAR(255) NOT NULL, last_name VARCHAR(255) NOT NULL, date_of_birth date, email VARCHAR(50), CONSTRAINT PK_PERSON PRIMARY KEY (person_id))
2019-12-16 08:04:46 [Test worker] INFO  liquibase.changelog.ChangeSet - Table person created
2019-12-16 08:04:46 [Test worker] INFO  liquibase.changelog.ChangeSet - ChangeSet /db/changelog/schema/createTable-person.yml::createTable-person::Tim Hay ran successfully in 7ms
2019-12-16 08:04:46 [Test worker] INFO  liquibase.executor.jvm.JdbcExecutor - SELECT MAX(ORDEREXECUTED) FROM PUBLIC.DATABASECHANGELOG
2019-12-16 08:04:46 [Test worker] INFO  liquibase.executor.jvm.JdbcExecutor - INSERT INTO PUBLIC.DATABASECHANGELOG (ID, AUTHOR, FILENAME, DATEEXECUTED, ORDEREXECUTED, MD5SUM, DESCRIPTION, COMMENTS, EXECTYPE, CONTEXTS, LABELS, LIQUIBASE, DEPLOYMENT_ID) VALUES ('createTable-person', 'Tim Hay', '/db/changelog/schema/createTable-person.yml', NOW(), 1, '8:b1618b4ef154cdf063364943a7631941', 'createTable tableName=person', '', 'EXECUTED', NULL, NULL, '3.8.0', '6443886009')
2019-12-16 08:04:46 [Test worker] INFO  liquibase.executor.jvm.JdbcExecutor - INSERT INTO person
(person_id, first_name, last_name, email, date_of_birth)
VALUES (11111, 'Ginny', 'Weasley', 'ginny@hogwarts.com.au', '1990-01-01')
2019-12-16 08:04:46 [Test worker] INFO  liquibase.changelog.ChangeSet - SQL in file ../sql/aws-secure-config-seed.sql executed
2019-12-16 08:04:46 [Test worker] INFO  liquibase.changelog.ChangeSet - ChangeSet /db/changelog/test/changelog-seeddata.yml::aws-secure-config-test-data::Tim Hay ran successfully in 1ms
2019-12-16 08:04:46 [Test worker] INFO  liquibase.executor.jvm.JdbcExecutor - INSERT INTO PUBLIC.DATABASECHANGELOG (ID, AUTHOR, FILENAME, DATEEXECUTED, ORDEREXECUTED, MD5SUM, DESCRIPTION, COMMENTS, EXECTYPE, CONTEXTS, LABELS, LIQUIBASE, DEPLOYMENT_ID) VALUES ('aws-secure-config-test-data', 'Tim Hay', '/db/changelog/test/changelog-seeddata.yml', NOW(), 2, '8:68bd4f258eea6201202541523a87a1b9', 'sqlFile', '', 'EXECUTED', NULL, NULL, '3.8.0', '6443886009')
2019-12-16 08:04:46 [Test worker] INFO  l.lockservice.StandardLockService - Successfully released change log lock
2019-12-16 08:04:46 [Test worker] WARN  o.s.b.a.o.j.JpaBaseConfiguration$JpaWebConfiguration - spring.jpa.open-in-view is enabled by default. Therefore, database queries may be performed during view rendering. Explicitly configure spring.jpa.open-in-view to disable this warning
2019-12-16 08:04:47 [Test worker] INFO  o.s.s.c.ThreadPoolTaskExecutor - Initializing ExecutorService 'applicationTaskExecutor'
2019-12-16 08:04:48 [Test worker] INFO  o.s.b.t.m.w.SpringBootMockServletContext - Initializing Spring TestDispatcherServlet ''
2019-12-16 08:04:48 [Test worker] INFO  o.s.t.w.s.TestDispatcherServlet - Initializing Servlet ''
2019-12-16 08:04:48 [Test worker] INFO  o.s.b.a.e.web.EndpointLinksResolver - Exposing 2 endpoint(s) beneath base path '/actuator'
2019-12-16 08:04:48 [Test worker] INFO  o.s.t.w.s.TestDispatcherServlet - Completed initialization in 95 ms
2019-12-16 08:04:48 [Test worker] INFO  c.e.s.d.DomainControllerContractTest - Started DomainControllerContractTest in 12.218 seconds (JVM running for 14.777)
2019-12-16 08:04:48 [Test worker] INFO  o.s.b.t.m.w.SpringBootMockServletContext - Initializing Spring TestDispatcherServlet ''
2019-12-16 08:04:48 [Test worker] INFO  o.s.t.w.s.TestDispatcherServlet - Initializing Servlet ''
2019-12-16 08:04:48 [Test worker] INFO  o.s.t.w.s.TestDispatcherServlet - Completed initialization in 4 ms
2019-12-16 08:04:49 [Test worker] INFO  o.s.b.t.c.SpringBootTestContextBootstrapper - Neither @ContextConfiguration nor @ContextHierarchy found for test class [com.example.secureconfigclient.SecureConfigClientApplicationTests], using SpringBootContextLoader
2019-12-16 08:04:49 [Test worker] INFO  o.s.t.c.s.AbstractContextLoader - Could not detect default resource locations for test class [com.example.secureconfigclient.SecureConfigClientApplicationTests]: no resource found for suffixes {-context.xml, Context.groovy}.
2019-12-16 08:04:49 [Test worker] INFO  o.s.t.c.s.AnnotationConfigContextLoaderUtils - Could not detect default configuration classes for test class [com.example.secureconfigclient.SecureConfigClientApplicationTests]: SecureConfigClientApplicationTests does not declare any static, non-private, non-final, nested classes annotated with @Configuration.
2019-12-16 08:04:49 [Test worker] INFO  o.s.b.t.c.SpringBootTestContextBootstrapper - Found @SpringBootConfiguration com.example.secureconfigclient.SecureConfigClientApplication for test class com.example.secureconfigclient.SecureConfigClientApplicationTests
2019-12-16 08:04:49 [Test worker] INFO  o.s.b.t.c.SpringBootTestContextBootstrapper - Loaded default TestExecutionListener class names from location [META-INF/spring.factories]: [org.springframework.boot.test.autoconfigure.restdocs.RestDocsTestExecutionListener, org.springframework.boot.test.autoconfigure.web.client.MockRestServiceServerResetTestExecutionListener, org.springframework.boot.test.autoconfigure.web.servlet.MockMvcPrintOnlyOnFailureTestExecutionListener, org.springframework.boot.test.autoconfigure.web.servlet.WebDriverTestExecutionListener, org.springframework.boot.test.mock.mockito.MockitoTestExecutionListener, org.springframework.boot.test.mock.mockito.ResetMocksTestExecutionListener, org.springframework.test.context.web.ServletTestExecutionListener, org.springframework.test.context.support.DirtiesContextBeforeModesTestExecutionListener, org.springframework.test.context.support.DependencyInjectionTestExecutionListener, org.springframework.test.context.support.DirtiesContextTestExecutionListener, org.springframework.test.context.transaction.TransactionalTestExecutionListener, org.springframework.test.context.jdbc.SqlScriptsTestExecutionListener, org.springframework.test.context.event.EventPublishingTestExecutionListener]
2019-12-16 08:04:49 [Test worker] INFO  o.s.b.t.c.SpringBootTestContextBootstrapper - Using TestExecutionListeners: [org.springframework.test.context.web.ServletTestExecutionListener@11a99ff0, org.springframework.test.context.support.DirtiesContextBeforeModesTestExecutionListener@125ec27f, org.springframework.boot.test.mock.mockito.MockitoTestExecutionListener@3edbfac5, org.springframework.boot.test.autoconfigure.SpringBootDependencyInjectionTestExecutionListener@6bbd5973, org.springframework.test.context.support.DirtiesContextTestExecutionListener@36361deb, org.springframework.test.context.transaction.TransactionalTestExecutionListener@521f7c68, org.springframework.test.context.jdbc.SqlScriptsTestExecutionListener@33f3b93c, org.springframework.test.context.event.EventPublishingTestExecutionListener@320408f0, org.springframework.boot.test.autoconfigure.restdocs.RestDocsTestExecutionListener@34db821e, org.springframework.boot.test.autoconfigure.web.client.MockRestServiceServerResetTestExecutionListener@1d0e54d1, org.springframework.boot.test.autoconfigure.web.servlet.MockMvcPrintOnlyOnFailureTestExecutionListener@339a2415, org.springframework.boot.test.autoconfigure.web.servlet.WebDriverTestExecutionListener@214be91e, org.springframework.boot.test.mock.mockito.ResetMocksTestExecutionListener@49e8445b]
2019-12-16 08:04:49 [Test worker] INFO  c.e.s.SecureConfigClientApplicationTests - Starting SecureConfigClientApplicationTests on DESKTOP-MI3HEM8 with PID 18928 (started by Tim in C:\dev\training\aws-secure-config\secure-config-client)
2019-12-16 08:04:49 [Test worker] DEBUG c.e.s.SecureConfigClientApplicationTests - Running with Spring Boot v2.2.0.RELEASE, Spring v5.2.0.RELEASE
2019-12-16 08:04:49 [Test worker] INFO  c.e.s.SecureConfigClientApplicationTests - No active profile set, falling back to default profiles: default
2019-12-16 08:04:49 [Test worker] INFO  o.s.d.r.c.RepositoryConfigurationDelegate - Bootstrapping Spring Data repositories in DEFAULT mode.
2019-12-16 08:04:49 [Test worker] INFO  o.s.d.r.c.RepositoryConfigurationDelegate - Finished Spring Data repository scanning in 10ms. Found 1 repository interfaces.
2019-12-16 08:04:49 [Test worker] INFO  o.s.c.s.PostProcessorRegistrationDelegate$BeanPostProcessorChecker - Bean 'org.springframework.transaction.annotation.ProxyTransactionManagementConfiguration' of type [org.springframework.transaction.annotation.ProxyTransactionManagementConfiguration] is not eligible for getting processed by all BeanPostProcessors (for example: not eligible for auto-proxying)
2019-12-16 08:04:50 [Test worker] INFO  com.zaxxer.hikari.HikariDataSource - HikariPool-2 - Starting...
2019-12-16 08:04:50 [Test worker] INFO  com.zaxxer.hikari.HikariDataSource - HikariPool-2 - Start completed.
2019-12-16 08:04:50 [Test worker] INFO  o.s.o.j.LocalContainerEntityManagerFactoryBean - Initialized JPA EntityManagerFactory for persistence unit 'myApi'
2019-12-16 08:04:50 [Test worker] DEBUG c.e.s.c.AWSCredentialsConfiguration - Using AWS profile tim-dev
2019-12-16 08:04:50 [Test worker] INFO  liquibase.executor.jvm.JdbcExecutor - SELECT COUNT(*) FROM PUBLIC.DATABASECHANGELOGLOCK
2019-12-16 08:04:50 [Test worker] INFO  liquibase.executor.jvm.JdbcExecutor - SELECT COUNT(*) FROM PUBLIC.DATABASECHANGELOGLOCK
2019-12-16 08:04:50 [Test worker] INFO  liquibase.executor.jvm.JdbcExecutor - SELECT LOCKED FROM PUBLIC.DATABASECHANGELOGLOCK WHERE ID=1
2019-12-16 08:04:50 [Test worker] INFO  l.lockservice.StandardLockService - Successfully acquired change log lock
2019-12-16 08:04:50 [Test worker] INFO  liquibase.executor.jvm.JdbcExecutor - SELECT MD5SUM FROM PUBLIC.DATABASECHANGELOG WHERE MD5SUM IS NOT NULL
2019-12-16 08:04:50 [Test worker] INFO  liquibase.executor.jvm.JdbcExecutor - SELECT COUNT(*) FROM PUBLIC.DATABASECHANGELOG
2019-12-16 08:04:50 [Test worker] INFO  l.c.StandardChangeLogHistoryService - Reading from PUBLIC.DATABASECHANGELOG
2019-12-16 08:04:50 [Test worker] INFO  liquibase.executor.jvm.JdbcExecutor - SELECT * FROM PUBLIC.DATABASECHANGELOG ORDER BY DATEEXECUTED ASC, ORDEREXECUTED ASC
2019-12-16 08:04:50 [Test worker] INFO  l.lockservice.StandardLockService - Successfully released change log lock
2019-12-16 08:04:51 [Test worker] WARN  o.s.b.a.o.j.JpaBaseConfiguration$JpaWebConfiguration - spring.jpa.open-in-view is enabled by default. Therefore, database queries may be performed during view rendering. Explicitly configure spring.jpa.open-in-view to disable this warning
2019-12-16 08:04:51 [Test worker] INFO  o.s.s.c.ThreadPoolTaskExecutor - Initializing ExecutorService 'applicationTaskExecutor'
2019-12-16 08:04:52 [Test worker] INFO  o.s.b.a.e.web.EndpointLinksResolver - Exposing 2 endpoint(s) beneath base path '/actuator'
2019-12-16 08:04:52 [Test worker] INFO  c.e.s.SecureConfigClientApplicationTests - Started SecureConfigClientApplicationTests in 3.577 seconds (JVM running for 18.758)
2019-12-16 08:04:52 [SpringContextShutdownHook] INFO  o.s.s.c.ThreadPoolTaskExecutor - Shutting down ExecutorService 'applicationTaskExecutor'
2019-12-16 08:04:52 [SpringContextShutdownHook] INFO  o.s.o.j.LocalContainerEntityManagerFactoryBean - Closing JPA EntityManagerFactory for persistence unit 'myApi'
2019-12-16 08:04:52 [SpringContextShutdownHook] INFO  o.s.s.c.ThreadPoolTaskExecutor - Shutting down ExecutorService 'applicationTaskExecutor'
2019-12-16 08:04:52 [SpringContextShutdownHook] INFO  o.s.o.j.LocalContainerEntityManagerFactoryBean - Closing JPA EntityManagerFactory for persistence unit 'myApi'
2019-12-16 08:04:52 [SpringContextShutdownHook] INFO  com.zaxxer.hikari.HikariDataSource - HikariPool-1 - Shutdown initiated...
2019-12-16 08:04:52 [SpringContextShutdownHook] INFO  com.zaxxer.hikari.HikariDataSource - HikariPool-2 - Shutdown initiated...
2019-12-16 08:04:52 [SpringContextShutdownHook] INFO  com.zaxxer.hikari.HikariDataSource - HikariPool-1 - Shutdown completed.
2019-12-16 08:04:52 [SpringContextShutdownHook] INFO  com.zaxxer.hikari.HikariDataSource - HikariPool-2 - Shutdown completed.
2019-12-16 22:14:21 [Test worker] INFO  c.e.s.d.DomainControllerContractTest - Starting DomainControllerContractTest on DESKTOP-MI3HEM8 with PID 10724 (started by Tim in C:\dev\training\aws-secure-config\secure-config-client)
2019-12-16 22:14:21 [Test worker] DEBUG c.e.s.d.DomainControllerContractTest - Running with Spring Boot v2.2.0.RELEASE, Spring v5.2.0.RELEASE
2019-12-16 22:14:21 [Test worker] INFO  c.e.s.d.DomainControllerContractTest - No active profile set, falling back to default profiles: default
2019-12-16 22:14:23 [Test worker] INFO  o.s.d.r.c.RepositoryConfigurationDelegate - Bootstrapping Spring Data repositories in DEFAULT mode.
2019-12-16 22:14:23 [Test worker] INFO  o.s.d.r.c.RepositoryConfigurationDelegate - Finished Spring Data repository scanning in 78ms. Found 1 repository interfaces.
2019-12-16 22:14:24 [Test worker] INFO  o.s.c.s.PostProcessorRegistrationDelegate$BeanPostProcessorChecker - Bean 'org.springframework.transaction.annotation.ProxyTransactionManagementConfiguration' of type [org.springframework.transaction.annotation.ProxyTransactionManagementConfiguration] is not eligible for getting processed by all BeanPostProcessors (for example: not eligible for auto-proxying)
2019-12-16 22:14:25 [Test worker] INFO  com.zaxxer.hikari.HikariDataSource - HikariPool-1 - Starting...
2019-12-16 22:14:26 [Test worker] INFO  com.zaxxer.hikari.HikariDataSource - HikariPool-1 - Start completed.
2019-12-16 22:14:26 [Test worker] INFO  o.s.o.j.LocalContainerEntityManagerFactoryBean - Initialized JPA EntityManagerFactory for persistence unit 'myApi'
2019-12-16 22:14:28 [Test worker] INFO  liquibase.executor.jvm.JdbcExecutor - SELECT COUNT(*) FROM PUBLIC.DATABASECHANGELOGLOCK
2019-12-16 22:14:28 [Test worker] INFO  liquibase.executor.jvm.JdbcExecutor - CREATE TABLE PUBLIC.DATABASECHANGELOGLOCK (ID INT NOT NULL, LOCKED BOOLEAN NOT NULL, LOCKGRANTED TIMESTAMP, LOCKEDBY VARCHAR(255), CONSTRAINT PK_DATABASECHANGELOGLOCK PRIMARY KEY (ID))
2019-12-16 22:14:28 [Test worker] INFO  liquibase.executor.jvm.JdbcExecutor - SELECT COUNT(*) FROM PUBLIC.DATABASECHANGELOGLOCK
2019-12-16 22:14:28 [Test worker] INFO  liquibase.executor.jvm.JdbcExecutor - DELETE FROM PUBLIC.DATABASECHANGELOGLOCK
2019-12-16 22:14:28 [Test worker] INFO  liquibase.executor.jvm.JdbcExecutor - INSERT INTO PUBLIC.DATABASECHANGELOGLOCK (ID, LOCKED) VALUES (1, FALSE)
2019-12-16 22:14:28 [Test worker] INFO  liquibase.executor.jvm.JdbcExecutor - SELECT LOCKED FROM PUBLIC.DATABASECHANGELOGLOCK WHERE ID=1
2019-12-16 22:14:28 [Test worker] INFO  l.lockservice.StandardLockService - Successfully acquired change log lock
2019-12-16 22:14:29 [Test worker] INFO  l.c.StandardChangeLogHistoryService - Creating database history table with name: PUBLIC.DATABASECHANGELOG
2019-12-16 22:14:29 [Test worker] INFO  liquibase.executor.jvm.JdbcExecutor - CREATE TABLE PUBLIC.DATABASECHANGELOG (ID VARCHAR(255) NOT NULL, AUTHOR VARCHAR(255) NOT NULL, FILENAME VARCHAR(255) NOT NULL, DATEEXECUTED TIMESTAMP NOT NULL, ORDEREXECUTED INT NOT NULL, EXECTYPE VARCHAR(10) NOT NULL, MD5SUM VARCHAR(35), DESCRIPTION VARCHAR(255), COMMENTS VARCHAR(255), TAG VARCHAR(255), LIQUIBASE VARCHAR(20), CONTEXTS VARCHAR(255), LABELS VARCHAR(255), DEPLOYMENT_ID VARCHAR(10))
2019-12-16 22:14:29 [Test worker] INFO  liquibase.executor.jvm.JdbcExecutor - SELECT COUNT(*) FROM PUBLIC.DATABASECHANGELOG
2019-12-16 22:14:29 [Test worker] INFO  l.c.StandardChangeLogHistoryService - Reading from PUBLIC.DATABASECHANGELOG
2019-12-16 22:14:29 [Test worker] INFO  liquibase.executor.jvm.JdbcExecutor - SELECT * FROM PUBLIC.DATABASECHANGELOG ORDER BY DATEEXECUTED ASC, ORDEREXECUTED ASC
2019-12-16 22:14:29 [Test worker] INFO  liquibase.executor.jvm.JdbcExecutor - SELECT COUNT(*) FROM PUBLIC.DATABASECHANGELOGLOCK
2019-12-16 22:14:29 [Test worker] INFO  liquibase.executor.jvm.JdbcExecutor - CREATE TABLE PUBLIC.person (person_id BIGINT(20) AUTO_INCREMENT NOT NULL, first_name VARCHAR(255) NOT NULL, last_name VARCHAR(255) NOT NULL, date_of_birth date, email VARCHAR(50), CONSTRAINT PK_PERSON PRIMARY KEY (person_id))
2019-12-16 22:14:29 [Test worker] INFO  liquibase.changelog.ChangeSet - Table person created
2019-12-16 22:14:29 [Test worker] INFO  liquibase.changelog.ChangeSet - ChangeSet /db/changelog/schema/createTable-person.yml::createTable-person::Tim Hay ran successfully in 10ms
2019-12-16 22:14:29 [Test worker] INFO  liquibase.executor.jvm.JdbcExecutor - SELECT MAX(ORDEREXECUTED) FROM PUBLIC.DATABASECHANGELOG
2019-12-16 22:14:29 [Test worker] INFO  liquibase.executor.jvm.JdbcExecutor - INSERT INTO PUBLIC.DATABASECHANGELOG (ID, AUTHOR, FILENAME, DATEEXECUTED, ORDEREXECUTED, MD5SUM, DESCRIPTION, COMMENTS, EXECTYPE, CONTEXTS, LABELS, LIQUIBASE, DEPLOYMENT_ID) VALUES ('createTable-person', 'Tim Hay', '/db/changelog/schema/createTable-person.yml', NOW(), 1, '8:b1618b4ef154cdf063364943a7631941', 'createTable tableName=person', '', 'EXECUTED', NULL, NULL, '3.8.0', '6494869442')
2019-12-16 22:14:29 [Test worker] INFO  liquibase.executor.jvm.JdbcExecutor - INSERT INTO person
(person_id, first_name, last_name, email, date_of_birth)
VALUES (11111, 'Ginny', 'Weasley', 'ginny@hogwarts.com.au', '1990-01-01')
2019-12-16 22:14:29 [Test worker] INFO  liquibase.changelog.ChangeSet - SQL in file ../sql/aws-secure-config-seed.sql executed
2019-12-16 22:14:29 [Test worker] INFO  liquibase.changelog.ChangeSet - ChangeSet /db/changelog/test/changelog-seeddata.yml::aws-secure-config-test-data::Tim Hay ran successfully in 4ms
2019-12-16 22:14:29 [Test worker] INFO  liquibase.executor.jvm.JdbcExecutor - INSERT INTO PUBLIC.DATABASECHANGELOG (ID, AUTHOR, FILENAME, DATEEXECUTED, ORDEREXECUTED, MD5SUM, DESCRIPTION, COMMENTS, EXECTYPE, CONTEXTS, LABELS, LIQUIBASE, DEPLOYMENT_ID) VALUES ('aws-secure-config-test-data', 'Tim Hay', '/db/changelog/test/changelog-seeddata.yml', NOW(), 2, '8:68bd4f258eea6201202541523a87a1b9', 'sqlFile', '', 'EXECUTED', NULL, NULL, '3.8.0', '6494869442')
2019-12-16 22:14:29 [Test worker] INFO  l.lockservice.StandardLockService - Successfully released change log lock
2019-12-16 22:14:30 [Test worker] WARN  o.s.b.a.o.j.JpaBaseConfiguration$JpaWebConfiguration - spring.jpa.open-in-view is enabled by default. Therefore, database queries may be performed during view rendering. Explicitly configure spring.jpa.open-in-view to disable this warning
2019-12-16 22:14:31 [Test worker] INFO  o.s.s.c.ThreadPoolTaskExecutor - Initializing ExecutorService 'applicationTaskExecutor'
2019-12-16 22:14:32 [Test worker] INFO  o.s.b.t.m.w.SpringBootMockServletContext - Initializing Spring TestDispatcherServlet ''
2019-12-16 22:14:32 [Test worker] INFO  o.s.t.w.s.TestDispatcherServlet - Initializing Servlet ''
2019-12-16 22:14:32 [Test worker] INFO  o.s.b.a.e.web.EndpointLinksResolver - Exposing 2 endpoint(s) beneath base path '/actuator'
2019-12-16 22:14:32 [Test worker] INFO  o.s.t.w.s.TestDispatcherServlet - Completed initialization in 110 ms
2019-12-16 22:14:32 [Test worker] INFO  c.e.s.d.DomainControllerContractTest - Started DomainControllerContractTest in 12.272 seconds (JVM running for 14.77)
2019-12-16 22:14:32 [Test worker] INFO  o.s.b.t.m.w.SpringBootMockServletContext - Initializing Spring TestDispatcherServlet ''
2019-12-16 22:14:32 [Test worker] INFO  o.s.t.w.s.TestDispatcherServlet - Initializing Servlet ''
2019-12-16 22:14:32 [Test worker] INFO  o.s.t.w.s.TestDispatcherServlet - Completed initialization in 3 ms
2019-12-16 22:14:32 [Test worker] INFO  o.s.b.t.c.SpringBootTestContextBootstrapper - Neither @ContextConfiguration nor @ContextHierarchy found for test class [com.example.secureconfigclient.SecureConfigClientApplicationTests], using SpringBootContextLoader
2019-12-16 22:14:32 [Test worker] INFO  o.s.t.c.s.AbstractContextLoader - Could not detect default resource locations for test class [com.example.secureconfigclient.SecureConfigClientApplicationTests]: no resource found for suffixes {-context.xml, Context.groovy}.
2019-12-16 22:14:32 [Test worker] INFO  o.s.t.c.s.AnnotationConfigContextLoaderUtils - Could not detect default configuration classes for test class [com.example.secureconfigclient.SecureConfigClientApplicationTests]: SecureConfigClientApplicationTests does not declare any static, non-private, non-final, nested classes annotated with @Configuration.
2019-12-16 22:14:32 [Test worker] INFO  o.s.b.t.c.SpringBootTestContextBootstrapper - Found @SpringBootConfiguration com.example.secureconfigclient.SecureConfigClientApplication for test class com.example.secureconfigclient.SecureConfigClientApplicationTests
2019-12-16 22:14:32 [Test worker] INFO  o.s.b.t.c.SpringBootTestContextBootstrapper - Loaded default TestExecutionListener class names from location [META-INF/spring.factories]: [org.springframework.boot.test.autoconfigure.restdocs.RestDocsTestExecutionListener, org.springframework.boot.test.autoconfigure.web.client.MockRestServiceServerResetTestExecutionListener, org.springframework.boot.test.autoconfigure.web.servlet.MockMvcPrintOnlyOnFailureTestExecutionListener, org.springframework.boot.test.autoconfigure.web.servlet.WebDriverTestExecutionListener, org.springframework.boot.test.mock.mockito.MockitoTestExecutionListener, org.springframework.boot.test.mock.mockito.ResetMocksTestExecutionListener, org.springframework.test.context.web.ServletTestExecutionListener, org.springframework.test.context.support.DirtiesContextBeforeModesTestExecutionListener, org.springframework.test.context.support.DependencyInjectionTestExecutionListener, org.springframework.test.context.support.DirtiesContextTestExecutionListener, org.springframework.test.context.transaction.TransactionalTestExecutionListener, org.springframework.test.context.jdbc.SqlScriptsTestExecutionListener, org.springframework.test.context.event.EventPublishingTestExecutionListener]
2019-12-16 22:14:32 [Test worker] INFO  o.s.b.t.c.SpringBootTestContextBootstrapper - Using TestExecutionListeners: [org.springframework.test.context.web.ServletTestExecutionListener@d6ff16b, org.springframework.test.context.support.DirtiesContextBeforeModesTestExecutionListener@e3c5d3e, org.springframework.boot.test.mock.mockito.MockitoTestExecutionListener@410c2c3d, org.springframework.boot.test.autoconfigure.SpringBootDependencyInjectionTestExecutionListener@21642fff, org.springframework.test.context.support.DirtiesContextTestExecutionListener@53727611, org.springframework.test.context.transaction.TransactionalTestExecutionListener@3fcb04ec, org.springframework.test.context.jdbc.SqlScriptsTestExecutionListener@1f86aaec, org.springframework.test.context.event.EventPublishingTestExecutionListener@1f1d6534, org.springframework.boot.test.autoconfigure.restdocs.RestDocsTestExecutionListener@5f1f4a38, org.springframework.boot.test.autoconfigure.web.client.MockRestServiceServerResetTestExecutionListener@3894c953, org.springframework.boot.test.autoconfigure.web.servlet.MockMvcPrintOnlyOnFailureTestExecutionListener@126fd567, org.springframework.boot.test.autoconfigure.web.servlet.WebDriverTestExecutionListener@662f26db, org.springframework.boot.test.mock.mockito.ResetMocksTestExecutionListener@43c4eeac]
2019-12-16 22:14:32 [Test worker] INFO  c.e.s.SecureConfigClientApplicationTests - Starting SecureConfigClientApplicationTests on DESKTOP-MI3HEM8 with PID 10724 (started by Tim in C:\dev\training\aws-secure-config\secure-config-client)
2019-12-16 22:14:32 [Test worker] DEBUG c.e.s.SecureConfigClientApplicationTests - Running with Spring Boot v2.2.0.RELEASE, Spring v5.2.0.RELEASE
2019-12-16 22:14:32 [Test worker] INFO  c.e.s.SecureConfigClientApplicationTests - No active profile set, falling back to default profiles: default
2019-12-16 22:14:33 [Test worker] INFO  o.s.d.r.c.RepositoryConfigurationDelegate - Bootstrapping Spring Data repositories in DEFAULT mode.
2019-12-16 22:14:33 [Test worker] INFO  o.s.d.r.c.RepositoryConfigurationDelegate - Finished Spring Data repository scanning in 25ms. Found 1 repository interfaces.
2019-12-16 22:14:34 [Test worker] INFO  o.s.c.s.PostProcessorRegistrationDelegate$BeanPostProcessorChecker - Bean 'org.springframework.transaction.annotation.ProxyTransactionManagementConfiguration' of type [org.springframework.transaction.annotation.ProxyTransactionManagementConfiguration] is not eligible for getting processed by all BeanPostProcessors (for example: not eligible for auto-proxying)
2019-12-16 22:14:34 [Test worker] INFO  com.zaxxer.hikari.HikariDataSource - HikariPool-2 - Starting...
2019-12-16 22:14:34 [Test worker] INFO  com.zaxxer.hikari.HikariDataSource - HikariPool-2 - Start completed.
2019-12-16 22:14:34 [Test worker] INFO  o.s.o.j.LocalContainerEntityManagerFactoryBean - Initialized JPA EntityManagerFactory for persistence unit 'myApi'
2019-12-16 22:14:34 [Test worker] INFO  liquibase.executor.jvm.JdbcExecutor - SELECT COUNT(*) FROM PUBLIC.DATABASECHANGELOGLOCK
2019-12-16 22:14:34 [Test worker] INFO  liquibase.executor.jvm.JdbcExecutor - SELECT COUNT(*) FROM PUBLIC.DATABASECHANGELOGLOCK
2019-12-16 22:14:34 [Test worker] INFO  liquibase.executor.jvm.JdbcExecutor - SELECT LOCKED FROM PUBLIC.DATABASECHANGELOGLOCK WHERE ID=1
2019-12-16 22:14:34 [Test worker] INFO  l.lockservice.StandardLockService - Successfully acquired change log lock
2019-12-16 22:14:34 [Test worker] INFO  liquibase.executor.jvm.JdbcExecutor - SELECT MD5SUM FROM PUBLIC.DATABASECHANGELOG WHERE MD5SUM IS NOT NULL
2019-12-16 22:14:34 [Test worker] INFO  liquibase.executor.jvm.JdbcExecutor - SELECT COUNT(*) FROM PUBLIC.DATABASECHANGELOG
2019-12-16 22:14:34 [Test worker] INFO  l.c.StandardChangeLogHistoryService - Reading from PUBLIC.DATABASECHANGELOG
2019-12-16 22:14:34 [Test worker] INFO  liquibase.executor.jvm.JdbcExecutor - SELECT * FROM PUBLIC.DATABASECHANGELOG ORDER BY DATEEXECUTED ASC, ORDEREXECUTED ASC
2019-12-16 22:14:34 [Test worker] INFO  l.lockservice.StandardLockService - Successfully released change log lock
2019-12-16 22:14:35 [Test worker] WARN  o.s.b.a.o.j.JpaBaseConfiguration$JpaWebConfiguration - spring.jpa.open-in-view is enabled by default. Therefore, database queries may be performed during view rendering. Explicitly configure spring.jpa.open-in-view to disable this warning
2019-12-16 22:14:35 [Test worker] INFO  o.s.s.c.ThreadPoolTaskExecutor - Initializing ExecutorService 'applicationTaskExecutor'
2019-12-16 22:14:36 [Test worker] INFO  o.s.b.a.e.web.EndpointLinksResolver - Exposing 2 endpoint(s) beneath base path '/actuator'
2019-12-16 22:14:36 [Test worker] INFO  c.e.s.SecureConfigClientApplicationTests - Started SecureConfigClientApplicationTests in 3.479 seconds (JVM running for 18.69)
2019-12-16 22:14:36 [SpringContextShutdownHook] INFO  o.s.s.c.ThreadPoolTaskExecutor - Shutting down ExecutorService 'applicationTaskExecutor'
2019-12-16 22:14:36 [SpringContextShutdownHook] INFO  o.s.s.c.ThreadPoolTaskExecutor - Shutting down ExecutorService 'applicationTaskExecutor'
2019-12-16 22:14:36 [SpringContextShutdownHook] INFO  o.s.o.j.LocalContainerEntityManagerFactoryBean - Closing JPA EntityManagerFactory for persistence unit 'myApi'
2019-12-16 22:14:36 [SpringContextShutdownHook] INFO  o.s.o.j.LocalContainerEntityManagerFactoryBean - Closing JPA EntityManagerFactory for persistence unit 'myApi'
2019-12-16 22:14:36 [SpringContextShutdownHook] INFO  com.zaxxer.hikari.HikariDataSource - HikariPool-2 - Shutdown initiated...
2019-12-16 22:14:36 [SpringContextShutdownHook] INFO  com.zaxxer.hikari.HikariDataSource - HikariPool-1 - Shutdown initiated...
2019-12-16 22:14:36 [SpringContextShutdownHook] INFO  com.zaxxer.hikari.HikariDataSource - HikariPool-2 - Shutdown completed.
2019-12-16 22:14:36 [SpringContextShutdownHook] INFO  com.zaxxer.hikari.HikariDataSource - HikariPool-1 - Shutdown completed.
2019-12-16 22:26:00 [Test worker] INFO  c.e.s.d.DomainControllerContractTest - Starting DomainControllerContractTest on DESKTOP-MI3HEM8 with PID 7584 (started by Tim in C:\dev\training\aws-secure-config\secure-config-client)
2019-12-16 22:26:00 [Test worker] DEBUG c.e.s.d.DomainControllerContractTest - Running with Spring Boot v2.2.0.RELEASE, Spring v5.2.0.RELEASE
2019-12-16 22:26:00 [Test worker] INFO  c.e.s.d.DomainControllerContractTest - No active profile set, falling back to default profiles: default
2019-12-16 22:26:01 [Test worker] INFO  o.s.d.r.c.RepositoryConfigurationDelegate - Bootstrapping Spring Data repositories in DEFAULT mode.
2019-12-16 22:26:02 [Test worker] INFO  o.s.d.r.c.RepositoryConfigurationDelegate - Finished Spring Data repository scanning in 158ms. Found 1 repository interfaces.
2019-12-16 22:26:04 [Test worker] INFO  o.s.c.s.PostProcessorRegistrationDelegate$BeanPostProcessorChecker - Bean 'org.springframework.transaction.annotation.ProxyTransactionManagementConfiguration' of type [org.springframework.transaction.annotation.ProxyTransactionManagementConfiguration] is not eligible for getting processed by all BeanPostProcessors (for example: not eligible for auto-proxying)
2019-12-16 22:26:05 [Test worker] INFO  com.zaxxer.hikari.HikariDataSource - HikariPool-1 - Starting...
2019-12-16 22:26:06 [Test worker] INFO  com.zaxxer.hikari.HikariDataSource - HikariPool-1 - Start completed.
2019-12-16 22:26:06 [Test worker] INFO  o.s.o.j.LocalContainerEntityManagerFactoryBean - Initialized JPA EntityManagerFactory for persistence unit 'myApi'
2019-12-16 22:26:07 [Test worker] INFO  liquibase.executor.jvm.JdbcExecutor - SELECT COUNT(*) FROM PUBLIC.DATABASECHANGELOGLOCK
2019-12-16 22:26:07 [Test worker] INFO  liquibase.executor.jvm.JdbcExecutor - CREATE TABLE PUBLIC.DATABASECHANGELOGLOCK (ID INT NOT NULL, LOCKED BOOLEAN NOT NULL, LOCKGRANTED TIMESTAMP, LOCKEDBY VARCHAR(255), CONSTRAINT PK_DATABASECHANGELOGLOCK PRIMARY KEY (ID))
2019-12-16 22:26:07 [Test worker] INFO  liquibase.executor.jvm.JdbcExecutor - SELECT COUNT(*) FROM PUBLIC.DATABASECHANGELOGLOCK
2019-12-16 22:26:07 [Test worker] INFO  liquibase.executor.jvm.JdbcExecutor - DELETE FROM PUBLIC.DATABASECHANGELOGLOCK
2019-12-16 22:26:07 [Test worker] INFO  liquibase.executor.jvm.JdbcExecutor - INSERT INTO PUBLIC.DATABASECHANGELOGLOCK (ID, LOCKED) VALUES (1, FALSE)
2019-12-16 22:26:07 [Test worker] INFO  liquibase.executor.jvm.JdbcExecutor - SELECT LOCKED FROM PUBLIC.DATABASECHANGELOGLOCK WHERE ID=1
2019-12-16 22:26:07 [Test worker] INFO  l.lockservice.StandardLockService - Successfully acquired change log lock
2019-12-16 22:26:09 [Test worker] INFO  l.c.StandardChangeLogHistoryService - Creating database history table with name: PUBLIC.DATABASECHANGELOG
2019-12-16 22:26:09 [Test worker] INFO  liquibase.executor.jvm.JdbcExecutor - CREATE TABLE PUBLIC.DATABASECHANGELOG (ID VARCHAR(255) NOT NULL, AUTHOR VARCHAR(255) NOT NULL, FILENAME VARCHAR(255) NOT NULL, DATEEXECUTED TIMESTAMP NOT NULL, ORDEREXECUTED INT NOT NULL, EXECTYPE VARCHAR(10) NOT NULL, MD5SUM VARCHAR(35), DESCRIPTION VARCHAR(255), COMMENTS VARCHAR(255), TAG VARCHAR(255), LIQUIBASE VARCHAR(20), CONTEXTS VARCHAR(255), LABELS VARCHAR(255), DEPLOYMENT_ID VARCHAR(10))
2019-12-16 22:26:09 [Test worker] INFO  liquibase.executor.jvm.JdbcExecutor - SELECT COUNT(*) FROM PUBLIC.DATABASECHANGELOG
2019-12-16 22:26:09 [Test worker] INFO  l.c.StandardChangeLogHistoryService - Reading from PUBLIC.DATABASECHANGELOG
2019-12-16 22:26:09 [Test worker] INFO  liquibase.executor.jvm.JdbcExecutor - SELECT * FROM PUBLIC.DATABASECHANGELOG ORDER BY DATEEXECUTED ASC, ORDEREXECUTED ASC
2019-12-16 22:26:09 [Test worker] INFO  liquibase.executor.jvm.JdbcExecutor - SELECT COUNT(*) FROM PUBLIC.DATABASECHANGELOGLOCK
2019-12-16 22:26:09 [Test worker] INFO  liquibase.executor.jvm.JdbcExecutor - CREATE TABLE PUBLIC.person (person_id BIGINT(20) AUTO_INCREMENT NOT NULL, first_name VARCHAR(255) NOT NULL, last_name VARCHAR(255) NOT NULL, date_of_birth date, email VARCHAR(50), CONSTRAINT PK_PERSON PRIMARY KEY (person_id))
2019-12-16 22:26:09 [Test worker] INFO  liquibase.changelog.ChangeSet - Table person created
2019-12-16 22:26:09 [Test worker] INFO  liquibase.changelog.ChangeSet - ChangeSet /db/changelog/schema/createTable-person.yml::createTable-person::Tim Hay ran successfully in 13ms
2019-12-16 22:26:09 [Test worker] INFO  liquibase.executor.jvm.JdbcExecutor - SELECT MAX(ORDEREXECUTED) FROM PUBLIC.DATABASECHANGELOG
2019-12-16 22:26:09 [Test worker] INFO  liquibase.executor.jvm.JdbcExecutor - INSERT INTO PUBLIC.DATABASECHANGELOG (ID, AUTHOR, FILENAME, DATEEXECUTED, ORDEREXECUTED, MD5SUM, DESCRIPTION, COMMENTS, EXECTYPE, CONTEXTS, LABELS, LIQUIBASE, DEPLOYMENT_ID) VALUES ('createTable-person', 'Tim Hay', '/db/changelog/schema/createTable-person.yml', NOW(), 1, '8:b1618b4ef154cdf063364943a7631941', 'createTable tableName=person', '', 'EXECUTED', NULL, NULL, '3.8.0', '6495569616')
2019-12-16 22:26:09 [Test worker] INFO  liquibase.executor.jvm.JdbcExecutor - INSERT INTO person
(person_id, first_name, last_name, email, date_of_birth)
VALUES (11111, 'Ginny', 'Weasley', 'ginny@hogwarts.com.au', '1990-01-01')
2019-12-16 22:26:09 [Test worker] INFO  liquibase.changelog.ChangeSet - SQL in file ../sql/aws-secure-config-seed.sql executed
2019-12-16 22:26:09 [Test worker] INFO  liquibase.changelog.ChangeSet - ChangeSet /db/changelog/test/changelog-seeddata.yml::aws-secure-config-test-data::Tim Hay ran successfully in 4ms
2019-12-16 22:26:09 [Test worker] INFO  liquibase.executor.jvm.JdbcExecutor - INSERT INTO PUBLIC.DATABASECHANGELOG (ID, AUTHOR, FILENAME, DATEEXECUTED, ORDEREXECUTED, MD5SUM, DESCRIPTION, COMMENTS, EXECTYPE, CONTEXTS, LABELS, LIQUIBASE, DEPLOYMENT_ID) VALUES ('aws-secure-config-test-data', 'Tim Hay', '/db/changelog/test/changelog-seeddata.yml', NOW(), 2, '8:68bd4f258eea6201202541523a87a1b9', 'sqlFile', '', 'EXECUTED', NULL, NULL, '3.8.0', '6495569616')
2019-12-16 22:26:09 [Test worker] INFO  l.lockservice.StandardLockService - Successfully released change log lock
2019-12-16 22:26:10 [Test worker] WARN  o.s.b.a.o.j.JpaBaseConfiguration$JpaWebConfiguration - spring.jpa.open-in-view is enabled by default. Therefore, database queries may be performed during view rendering. Explicitly configure spring.jpa.open-in-view to disable this warning
2019-12-16 22:26:11 [Test worker] INFO  o.s.s.c.ThreadPoolTaskExecutor - Initializing ExecutorService 'applicationTaskExecutor'
2019-12-16 22:26:12 [Test worker] INFO  o.s.b.t.m.w.SpringBootMockServletContext - Initializing Spring TestDispatcherServlet ''
2019-12-16 22:26:12 [Test worker] INFO  o.s.t.w.s.TestDispatcherServlet - Initializing Servlet ''
2019-12-16 22:26:12 [Test worker] INFO  o.s.b.a.e.web.EndpointLinksResolver - Exposing 2 endpoint(s) beneath base path '/actuator'
2019-12-16 22:26:12 [Test worker] INFO  o.s.t.w.s.TestDispatcherServlet - Completed initialization in 93 ms
2019-12-16 22:26:12 [Test worker] INFO  c.e.s.d.DomainControllerContractTest - Started DomainControllerContractTest in 13.352 seconds (JVM running for 15.888)
2019-12-16 22:26:12 [Test worker] INFO  o.s.b.t.m.w.SpringBootMockServletContext - Initializing Spring TestDispatcherServlet ''
2019-12-16 22:26:12 [Test worker] INFO  o.s.t.w.s.TestDispatcherServlet - Initializing Servlet ''
2019-12-16 22:26:12 [Test worker] INFO  o.s.t.w.s.TestDispatcherServlet - Completed initialization in 2 ms
2019-12-16 22:26:12 [Test worker] INFO  o.s.b.t.c.SpringBootTestContextBootstrapper - Neither @ContextConfiguration nor @ContextHierarchy found for test class [com.example.secureconfigclient.SecureConfigClientApplicationTests], using SpringBootContextLoader
2019-12-16 22:26:12 [Test worker] INFO  o.s.t.c.s.AbstractContextLoader - Could not detect default resource locations for test class [com.example.secureconfigclient.SecureConfigClientApplicationTests]: no resource found for suffixes {-context.xml, Context.groovy}.
2019-12-16 22:26:12 [Test worker] INFO  o.s.t.c.s.AnnotationConfigContextLoaderUtils - Could not detect default configuration classes for test class [com.example.secureconfigclient.SecureConfigClientApplicationTests]: SecureConfigClientApplicationTests does not declare any static, non-private, non-final, nested classes annotated with @Configuration.
2019-12-16 22:26:12 [Test worker] INFO  o.s.b.t.c.SpringBootTestContextBootstrapper - Found @SpringBootConfiguration com.example.secureconfigclient.SecureConfigClientApplication for test class com.example.secureconfigclient.SecureConfigClientApplicationTests
2019-12-16 22:26:12 [Test worker] INFO  o.s.b.t.c.SpringBootTestContextBootstrapper - Loaded default TestExecutionListener class names from location [META-INF/spring.factories]: [org.springframework.boot.test.autoconfigure.restdocs.RestDocsTestExecutionListener, org.springframework.boot.test.autoconfigure.web.client.MockRestServiceServerResetTestExecutionListener, org.springframework.boot.test.autoconfigure.web.servlet.MockMvcPrintOnlyOnFailureTestExecutionListener, org.springframework.boot.test.autoconfigure.web.servlet.WebDriverTestExecutionListener, org.springframework.boot.test.mock.mockito.MockitoTestExecutionListener, org.springframework.boot.test.mock.mockito.ResetMocksTestExecutionListener, org.springframework.test.context.web.ServletTestExecutionListener, org.springframework.test.context.support.DirtiesContextBeforeModesTestExecutionListener, org.springframework.test.context.support.DependencyInjectionTestExecutionListener, org.springframework.test.context.support.DirtiesContextTestExecutionListener, org.springframework.test.context.transaction.TransactionalTestExecutionListener, org.springframework.test.context.jdbc.SqlScriptsTestExecutionListener, org.springframework.test.context.event.EventPublishingTestExecutionListener]
2019-12-16 22:26:12 [Test worker] INFO  o.s.b.t.c.SpringBootTestContextBootstrapper - Using TestExecutionListeners: [org.springframework.test.context.web.ServletTestExecutionListener@e2a2b04, org.springframework.test.context.support.DirtiesContextBeforeModesTestExecutionListener@14eb9f75, org.springframework.boot.test.mock.mockito.MockitoTestExecutionListener@1856b9c3, org.springframework.boot.test.autoconfigure.SpringBootDependencyInjectionTestExecutionListener@2873ae98, org.springframework.test.context.support.DirtiesContextTestExecutionListener@77dec299, org.springframework.test.context.transaction.TransactionalTestExecutionListener@3f06eb20, org.springframework.test.context.jdbc.SqlScriptsTestExecutionListener@1233c5a2, org.springframework.test.context.event.EventPublishingTestExecutionListener@2701ae12, org.springframework.boot.test.autoconfigure.restdocs.RestDocsTestExecutionListener@264a6a61, org.springframework.boot.test.autoconfigure.web.client.MockRestServiceServerResetTestExecutionListener@2e9dca63, org.springframework.boot.test.autoconfigure.web.servlet.MockMvcPrintOnlyOnFailureTestExecutionListener@220f04c7, org.springframework.boot.test.autoconfigure.web.servlet.WebDriverTestExecutionListener@8545faa, org.springframework.boot.test.mock.mockito.ResetMocksTestExecutionListener@7db835a3]
2019-12-16 22:26:13 [Test worker] INFO  c.e.s.SecureConfigClientApplicationTests - Starting SecureConfigClientApplicationTests on DESKTOP-MI3HEM8 with PID 7584 (started by Tim in C:\dev\training\aws-secure-config\secure-config-client)
2019-12-16 22:26:13 [Test worker] DEBUG c.e.s.SecureConfigClientApplicationTests - Running with Spring Boot v2.2.0.RELEASE, Spring v5.2.0.RELEASE
2019-12-16 22:26:13 [Test worker] INFO  c.e.s.SecureConfigClientApplicationTests - No active profile set, falling back to default profiles: default
2019-12-16 22:26:13 [Test worker] INFO  o.s.d.r.c.RepositoryConfigurationDelegate - Bootstrapping Spring Data repositories in DEFAULT mode.
2019-12-16 22:26:13 [Test worker] INFO  o.s.d.r.c.RepositoryConfigurationDelegate - Finished Spring Data repository scanning in 10ms. Found 1 repository interfaces.
2019-12-16 22:26:13 [Test worker] INFO  o.s.c.s.PostProcessorRegistrationDelegate$BeanPostProcessorChecker - Bean 'org.springframework.transaction.annotation.ProxyTransactionManagementConfiguration' of type [org.springframework.transaction.annotation.ProxyTransactionManagementConfiguration] is not eligible for getting processed by all BeanPostProcessors (for example: not eligible for auto-proxying)
2019-12-16 22:26:13 [Test worker] INFO  com.zaxxer.hikari.HikariDataSource - HikariPool-2 - Starting...
2019-12-16 22:26:13 [Test worker] INFO  com.zaxxer.hikari.HikariDataSource - HikariPool-2 - Start completed.
2019-12-16 22:26:14 [Test worker] INFO  o.s.o.j.LocalContainerEntityManagerFactoryBean - Initialized JPA EntityManagerFactory for persistence unit 'myApi'
2019-12-16 22:26:14 [Test worker] INFO  liquibase.executor.jvm.JdbcExecutor - SELECT COUNT(*) FROM PUBLIC.DATABASECHANGELOGLOCK
2019-12-16 22:26:14 [Test worker] INFO  liquibase.executor.jvm.JdbcExecutor - SELECT COUNT(*) FROM PUBLIC.DATABASECHANGELOGLOCK
2019-12-16 22:26:14 [Test worker] INFO  liquibase.executor.jvm.JdbcExecutor - SELECT LOCKED FROM PUBLIC.DATABASECHANGELOGLOCK WHERE ID=1
2019-12-16 22:26:14 [Test worker] INFO  l.lockservice.StandardLockService - Successfully acquired change log lock
2019-12-16 22:26:14 [Test worker] INFO  liquibase.executor.jvm.JdbcExecutor - SELECT MD5SUM FROM PUBLIC.DATABASECHANGELOG WHERE MD5SUM IS NOT NULL
2019-12-16 22:26:14 [Test worker] INFO  liquibase.executor.jvm.JdbcExecutor - SELECT COUNT(*) FROM PUBLIC.DATABASECHANGELOG
2019-12-16 22:26:14 [Test worker] INFO  l.c.StandardChangeLogHistoryService - Reading from PUBLIC.DATABASECHANGELOG
2019-12-16 22:26:14 [Test worker] INFO  liquibase.executor.jvm.JdbcExecutor - SELECT * FROM PUBLIC.DATABASECHANGELOG ORDER BY DATEEXECUTED ASC, ORDEREXECUTED ASC
2019-12-16 22:26:14 [Test worker] INFO  l.lockservice.StandardLockService - Successfully released change log lock
2019-12-16 22:26:15 [Test worker] WARN  o.s.b.a.o.j.JpaBaseConfiguration$JpaWebConfiguration - spring.jpa.open-in-view is enabled by default. Therefore, database queries may be performed during view rendering. Explicitly configure spring.jpa.open-in-view to disable this warning
2019-12-16 22:26:15 [Test worker] INFO  o.s.s.c.ThreadPoolTaskExecutor - Initializing ExecutorService 'applicationTaskExecutor'
2019-12-16 22:26:16 [Test worker] INFO  o.s.b.a.e.web.EndpointLinksResolver - Exposing 2 endpoint(s) beneath base path '/actuator'
2019-12-16 22:26:16 [Test worker] INFO  c.e.s.SecureConfigClientApplicationTests - Started SecureConfigClientApplicationTests in 3.622 seconds (JVM running for 19.965)
2019-12-16 22:26:16 [SpringContextShutdownHook] INFO  o.s.s.c.ThreadPoolTaskExecutor - Shutting down ExecutorService 'applicationTaskExecutor'
2019-12-16 22:26:16 [SpringContextShutdownHook] INFO  o.s.o.j.LocalContainerEntityManagerFactoryBean - Closing JPA EntityManagerFactory for persistence unit 'myApi'
2019-12-16 22:26:16 [SpringContextShutdownHook] INFO  o.s.s.c.ThreadPoolTaskExecutor - Shutting down ExecutorService 'applicationTaskExecutor'
2019-12-16 22:26:16 [SpringContextShutdownHook] INFO  o.s.o.j.LocalContainerEntityManagerFactoryBean - Closing JPA EntityManagerFactory for persistence unit 'myApi'
2019-12-16 22:26:16 [SpringContextShutdownHook] INFO  com.zaxxer.hikari.HikariDataSource - HikariPool-1 - Shutdown initiated...
2019-12-16 22:26:16 [SpringContextShutdownHook] INFO  com.zaxxer.hikari.HikariDataSource - HikariPool-2 - Shutdown initiated...
2019-12-16 22:26:16 [SpringContextShutdownHook] INFO  com.zaxxer.hikari.HikariDataSource - HikariPool-1 - Shutdown completed.
2019-12-16 22:26:16 [SpringContextShutdownHook] INFO  com.zaxxer.hikari.HikariDataSource - HikariPool-2 - Shutdown completed.
2019-12-16 23:27:23 [Test worker] INFO  c.e.s.d.DomainControllerContractTest - Starting DomainControllerContractTest on DESKTOP-MI3HEM8 with PID 14360 (started by Tim in C:\dev\training\aws-secure-config\secure-config-client)
2019-12-16 23:27:23 [Test worker] DEBUG c.e.s.d.DomainControllerContractTest - Running with Spring Boot v2.2.0.RELEASE, Spring v5.2.0.RELEASE
2019-12-16 23:27:23 [Test worker] INFO  c.e.s.d.DomainControllerContractTest - No active profile set, falling back to default profiles: default
2019-12-16 23:27:24 [Test worker] INFO  o.s.d.r.c.RepositoryConfigurationDelegate - Bootstrapping Spring Data repositories in DEFAULT mode.
2019-12-16 23:27:24 [Test worker] INFO  o.s.d.r.c.RepositoryConfigurationDelegate - Finished Spring Data repository scanning in 84ms. Found 1 repository interfaces.
2019-12-16 23:27:26 [Test worker] INFO  o.s.c.s.PostProcessorRegistrationDelegate$BeanPostProcessorChecker - Bean 'org.springframework.transaction.annotation.ProxyTransactionManagementConfiguration' of type [org.springframework.transaction.annotation.ProxyTransactionManagementConfiguration] is not eligible for getting processed by all BeanPostProcessors (for example: not eligible for auto-proxying)
2019-12-16 23:27:27 [Test worker] INFO  com.zaxxer.hikari.HikariDataSource - HikariPool-1 - Starting...
2019-12-16 23:27:28 [Test worker] INFO  com.zaxxer.hikari.HikariDataSource - HikariPool-1 - Start completed.
2019-12-16 23:27:28 [Test worker] INFO  o.s.o.j.LocalContainerEntityManagerFactoryBean - Initialized JPA EntityManagerFactory for persistence unit 'myApi'
2019-12-16 23:27:30 [Test worker] INFO  liquibase.executor.jvm.JdbcExecutor - SELECT COUNT(*) FROM PUBLIC.DATABASECHANGELOGLOCK
2019-12-16 23:27:30 [Test worker] INFO  liquibase.executor.jvm.JdbcExecutor - CREATE TABLE PUBLIC.DATABASECHANGELOGLOCK (ID INT NOT NULL, LOCKED BOOLEAN NOT NULL, LOCKGRANTED TIMESTAMP, LOCKEDBY VARCHAR(255), CONSTRAINT PK_DATABASECHANGELOGLOCK PRIMARY KEY (ID))
2019-12-16 23:27:30 [Test worker] INFO  liquibase.executor.jvm.JdbcExecutor - SELECT COUNT(*) FROM PUBLIC.DATABASECHANGELOGLOCK
2019-12-16 23:27:30 [Test worker] INFO  liquibase.executor.jvm.JdbcExecutor - DELETE FROM PUBLIC.DATABASECHANGELOGLOCK
2019-12-16 23:27:30 [Test worker] INFO  liquibase.executor.jvm.JdbcExecutor - INSERT INTO PUBLIC.DATABASECHANGELOGLOCK (ID, LOCKED) VALUES (1, FALSE)
2019-12-16 23:27:30 [Test worker] INFO  liquibase.executor.jvm.JdbcExecutor - SELECT LOCKED FROM PUBLIC.DATABASECHANGELOGLOCK WHERE ID=1
2019-12-16 23:27:30 [Test worker] INFO  l.lockservice.StandardLockService - Successfully acquired change log lock
2019-12-16 23:27:31 [Test worker] INFO  l.c.StandardChangeLogHistoryService - Creating database history table with name: PUBLIC.DATABASECHANGELOG
2019-12-16 23:27:31 [Test worker] INFO  liquibase.executor.jvm.JdbcExecutor - CREATE TABLE PUBLIC.DATABASECHANGELOG (ID VARCHAR(255) NOT NULL, AUTHOR VARCHAR(255) NOT NULL, FILENAME VARCHAR(255) NOT NULL, DATEEXECUTED TIMESTAMP NOT NULL, ORDEREXECUTED INT NOT NULL, EXECTYPE VARCHAR(10) NOT NULL, MD5SUM VARCHAR(35), DESCRIPTION VARCHAR(255), COMMENTS VARCHAR(255), TAG VARCHAR(255), LIQUIBASE VARCHAR(20), CONTEXTS VARCHAR(255), LABELS VARCHAR(255), DEPLOYMENT_ID VARCHAR(10))
2019-12-16 23:27:31 [Test worker] INFO  liquibase.executor.jvm.JdbcExecutor - SELECT COUNT(*) FROM PUBLIC.DATABASECHANGELOG
2019-12-16 23:27:31 [Test worker] INFO  l.c.StandardChangeLogHistoryService - Reading from PUBLIC.DATABASECHANGELOG
2019-12-16 23:27:31 [Test worker] INFO  liquibase.executor.jvm.JdbcExecutor - SELECT * FROM PUBLIC.DATABASECHANGELOG ORDER BY DATEEXECUTED ASC, ORDEREXECUTED ASC
2019-12-16 23:27:31 [Test worker] INFO  liquibase.executor.jvm.JdbcExecutor - SELECT COUNT(*) FROM PUBLIC.DATABASECHANGELOGLOCK
2019-12-16 23:27:31 [Test worker] INFO  liquibase.executor.jvm.JdbcExecutor - CREATE TABLE PUBLIC.person (person_id BIGINT(20) AUTO_INCREMENT NOT NULL, first_name VARCHAR(255) NOT NULL, last_name VARCHAR(255) NOT NULL, date_of_birth date, email VARCHAR(50), CONSTRAINT PK_PERSON PRIMARY KEY (person_id))
2019-12-16 23:27:31 [Test worker] INFO  liquibase.changelog.ChangeSet - Table person created
2019-12-16 23:27:31 [Test worker] INFO  liquibase.changelog.ChangeSet - ChangeSet /db/changelog/schema/createTable-person.yml::createTable-person::Tim Hay ran successfully in 11ms
2019-12-16 23:27:31 [Test worker] INFO  liquibase.executor.jvm.JdbcExecutor - SELECT MAX(ORDEREXECUTED) FROM PUBLIC.DATABASECHANGELOG
2019-12-16 23:27:31 [Test worker] INFO  liquibase.executor.jvm.JdbcExecutor - INSERT INTO PUBLIC.DATABASECHANGELOG (ID, AUTHOR, FILENAME, DATEEXECUTED, ORDEREXECUTED, MD5SUM, DESCRIPTION, COMMENTS, EXECTYPE, CONTEXTS, LABELS, LIQUIBASE, DEPLOYMENT_ID) VALUES ('createTable-person', 'Tim Hay', '/db/changelog/schema/createTable-person.yml', NOW(), 1, '8:b1618b4ef154cdf063364943a7631941', 'createTable tableName=person', '', 'EXECUTED', NULL, NULL, '3.8.0', '6499251551')
2019-12-16 23:27:31 [Test worker] INFO  liquibase.executor.jvm.JdbcExecutor - INSERT INTO person
(person_id, first_name, last_name, email, date_of_birth)
VALUES (11111, 'Ginny', 'Weasley', 'ginny@hogwarts.com.au', '1990-01-01')
2019-12-16 23:27:31 [Test worker] INFO  liquibase.changelog.ChangeSet - SQL in file ../sql/aws-secure-config-seed.sql executed
2019-12-16 23:27:31 [Test worker] INFO  liquibase.changelog.ChangeSet - ChangeSet /db/changelog/test/changelog-seeddata.yml::aws-secure-config-test-data::Tim Hay ran successfully in 4ms
2019-12-16 23:27:31 [Test worker] INFO  liquibase.executor.jvm.JdbcExecutor - INSERT INTO PUBLIC.DATABASECHANGELOG (ID, AUTHOR, FILENAME, DATEEXECUTED, ORDEREXECUTED, MD5SUM, DESCRIPTION, COMMENTS, EXECTYPE, CONTEXTS, LABELS, LIQUIBASE, DEPLOYMENT_ID) VALUES ('aws-secure-config-test-data', 'Tim Hay', '/db/changelog/test/changelog-seeddata.yml', NOW(), 2, '8:68bd4f258eea6201202541523a87a1b9', 'sqlFile', '', 'EXECUTED', NULL, NULL, '3.8.0', '6499251551')
2019-12-16 23:27:31 [Test worker] INFO  l.lockservice.StandardLockService - Successfully released change log lock
2019-12-16 23:27:32 [Test worker] WARN  o.s.b.a.o.j.JpaBaseConfiguration$JpaWebConfiguration - spring.jpa.open-in-view is enabled by default. Therefore, database queries may be performed during view rendering. Explicitly configure spring.jpa.open-in-view to disable this warning
2019-12-16 23:27:33 [Test worker] INFO  o.s.s.c.ThreadPoolTaskExecutor - Initializing ExecutorService 'applicationTaskExecutor'
2019-12-16 23:27:34 [Test worker] INFO  o.s.b.t.m.w.SpringBootMockServletContext - Initializing Spring TestDispatcherServlet ''
2019-12-16 23:27:34 [Test worker] INFO  o.s.t.w.s.TestDispatcherServlet - Initializing Servlet ''
2019-12-16 23:27:34 [Test worker] INFO  o.s.b.a.e.web.EndpointLinksResolver - Exposing 2 endpoint(s) beneath base path '/actuator'
2019-12-16 23:27:34 [Test worker] INFO  o.s.t.w.s.TestDispatcherServlet - Completed initialization in 192 ms
2019-12-16 23:27:35 [Test worker] INFO  c.e.s.d.DomainControllerContractTest - Started DomainControllerContractTest in 13.248 seconds (JVM running for 15.757)
2019-12-16 23:27:35 [Test worker] INFO  o.s.b.t.m.w.SpringBootMockServletContext - Initializing Spring TestDispatcherServlet ''
2019-12-16 23:27:35 [Test worker] INFO  o.s.t.w.s.TestDispatcherServlet - Initializing Servlet ''
2019-12-16 23:27:35 [Test worker] INFO  o.s.t.w.s.TestDispatcherServlet - Completed initialization in 5 ms
2019-12-16 23:27:35 [Test worker] INFO  o.s.b.t.c.SpringBootTestContextBootstrapper - Neither @ContextConfiguration nor @ContextHierarchy found for test class [com.example.secureconfigclient.SecureConfigClientApplicationTests], using SpringBootContextLoader
2019-12-16 23:27:35 [Test worker] INFO  o.s.t.c.s.AbstractContextLoader - Could not detect default resource locations for test class [com.example.secureconfigclient.SecureConfigClientApplicationTests]: no resource found for suffixes {-context.xml, Context.groovy}.
2019-12-16 23:27:35 [Test worker] INFO  o.s.t.c.s.AnnotationConfigContextLoaderUtils - Could not detect default configuration classes for test class [com.example.secureconfigclient.SecureConfigClientApplicationTests]: SecureConfigClientApplicationTests does not declare any static, non-private, non-final, nested classes annotated with @Configuration.
2019-12-16 23:27:35 [Test worker] INFO  o.s.b.t.c.SpringBootTestContextBootstrapper - Found @SpringBootConfiguration com.example.secureconfigclient.SecureConfigClientApplication for test class com.example.secureconfigclient.SecureConfigClientApplicationTests
2019-12-16 23:27:35 [Test worker] INFO  o.s.b.t.c.SpringBootTestContextBootstrapper - Loaded default TestExecutionListener class names from location [META-INF/spring.factories]: [org.springframework.boot.test.autoconfigure.restdocs.RestDocsTestExecutionListener, org.springframework.boot.test.autoconfigure.web.client.MockRestServiceServerResetTestExecutionListener, org.springframework.boot.test.autoconfigure.web.servlet.MockMvcPrintOnlyOnFailureTestExecutionListener, org.springframework.boot.test.autoconfigure.web.servlet.WebDriverTestExecutionListener, org.springframework.boot.test.mock.mockito.MockitoTestExecutionListener, org.springframework.boot.test.mock.mockito.ResetMocksTestExecutionListener, org.springframework.test.context.web.ServletTestExecutionListener, org.springframework.test.context.support.DirtiesContextBeforeModesTestExecutionListener, org.springframework.test.context.support.DependencyInjectionTestExecutionListener, org.springframework.test.context.support.DirtiesContextTestExecutionListener, org.springframework.test.context.transaction.TransactionalTestExecutionListener, org.springframework.test.context.jdbc.SqlScriptsTestExecutionListener, org.springframework.test.context.event.EventPublishingTestExecutionListener]
2019-12-16 23:27:35 [Test worker] INFO  o.s.b.t.c.SpringBootTestContextBootstrapper - Using TestExecutionListeners: [org.springframework.test.context.web.ServletTestExecutionListener@47112a39, org.springframework.test.context.support.DirtiesContextBeforeModesTestExecutionListener@3c9c6fd8, org.springframework.boot.test.mock.mockito.MockitoTestExecutionListener@5a9600b6, org.springframework.boot.test.autoconfigure.SpringBootDependencyInjectionTestExecutionListener@1017d964, org.springframework.test.context.support.DirtiesContextTestExecutionListener@5e9979bd, org.springframework.test.context.transaction.TransactionalTestExecutionListener@1a42f19, org.springframework.test.context.jdbc.SqlScriptsTestExecutionListener@6bdd0c2b, org.springframework.test.context.event.EventPublishingTestExecutionListener@45af34cd, org.springframework.boot.test.autoconfigure.restdocs.RestDocsTestExecutionListener@50eef954, org.springframework.boot.test.autoconfigure.web.client.MockRestServiceServerResetTestExecutionListener@7012c8b7, org.springframework.boot.test.autoconfigure.web.servlet.MockMvcPrintOnlyOnFailureTestExecutionListener@73ad2eca, org.springframework.boot.test.autoconfigure.web.servlet.WebDriverTestExecutionListener@4f98752e, org.springframework.boot.test.mock.mockito.ResetMocksTestExecutionListener@689b01d0]
2019-12-16 23:27:35 [Test worker] INFO  c.e.s.SecureConfigClientApplicationTests - Starting SecureConfigClientApplicationTests on DESKTOP-MI3HEM8 with PID 14360 (started by Tim in C:\dev\training\aws-secure-config\secure-config-client)
2019-12-16 23:27:35 [Test worker] DEBUG c.e.s.SecureConfigClientApplicationTests - Running with Spring Boot v2.2.0.RELEASE, Spring v5.2.0.RELEASE
2019-12-16 23:27:35 [Test worker] INFO  c.e.s.SecureConfigClientApplicationTests - No active profile set, falling back to default profiles: default
2019-12-16 23:27:36 [Test worker] INFO  o.s.d.r.c.RepositoryConfigurationDelegate - Bootstrapping Spring Data repositories in DEFAULT mode.
2019-12-16 23:27:36 [Test worker] INFO  o.s.d.r.c.RepositoryConfigurationDelegate - Finished Spring Data repository scanning in 10ms. Found 1 repository interfaces.
2019-12-16 23:27:36 [Test worker] INFO  o.s.c.s.PostProcessorRegistrationDelegate$BeanPostProcessorChecker - Bean 'org.springframework.transaction.annotation.ProxyTransactionManagementConfiguration' of type [org.springframework.transaction.annotation.ProxyTransactionManagementConfiguration] is not eligible for getting processed by all BeanPostProcessors (for example: not eligible for auto-proxying)
2019-12-16 23:27:36 [Test worker] INFO  com.zaxxer.hikari.HikariDataSource - HikariPool-2 - Starting...
2019-12-16 23:27:36 [Test worker] INFO  com.zaxxer.hikari.HikariDataSource - HikariPool-2 - Start completed.
2019-12-16 23:27:36 [Test worker] INFO  o.s.o.j.LocalContainerEntityManagerFactoryBean - Initialized JPA EntityManagerFactory for persistence unit 'myApi'
2019-12-16 23:27:37 [Test worker] INFO  liquibase.executor.jvm.JdbcExecutor - SELECT COUNT(*) FROM PUBLIC.DATABASECHANGELOGLOCK
2019-12-16 23:27:37 [Test worker] INFO  liquibase.executor.jvm.JdbcExecutor - SELECT COUNT(*) FROM PUBLIC.DATABASECHANGELOGLOCK
2019-12-16 23:27:37 [Test worker] INFO  liquibase.executor.jvm.JdbcExecutor - SELECT LOCKED FROM PUBLIC.DATABASECHANGELOGLOCK WHERE ID=1
2019-12-16 23:27:37 [Test worker] INFO  l.lockservice.StandardLockService - Successfully acquired change log lock
2019-12-16 23:27:37 [Test worker] INFO  liquibase.executor.jvm.JdbcExecutor - SELECT MD5SUM FROM PUBLIC.DATABASECHANGELOG WHERE MD5SUM IS NOT NULL
2019-12-16 23:27:37 [Test worker] INFO  liquibase.executor.jvm.JdbcExecutor - SELECT COUNT(*) FROM PUBLIC.DATABASECHANGELOG
2019-12-16 23:27:37 [Test worker] INFO  l.c.StandardChangeLogHistoryService - Reading from PUBLIC.DATABASECHANGELOG
2019-12-16 23:27:37 [Test worker] INFO  liquibase.executor.jvm.JdbcExecutor - SELECT * FROM PUBLIC.DATABASECHANGELOG ORDER BY DATEEXECUTED ASC, ORDEREXECUTED ASC
2019-12-16 23:27:37 [Test worker] INFO  l.lockservice.StandardLockService - Successfully released change log lock
2019-12-16 23:27:37 [Test worker] WARN  o.s.b.a.o.j.JpaBaseConfiguration$JpaWebConfiguration - spring.jpa.open-in-view is enabled by default. Therefore, database queries may be performed during view rendering. Explicitly configure spring.jpa.open-in-view to disable this warning
2019-12-16 23:27:38 [Test worker] INFO  o.s.s.c.ThreadPoolTaskExecutor - Initializing ExecutorService 'applicationTaskExecutor'
2019-12-16 23:27:39 [Test worker] INFO  o.s.b.a.e.web.EndpointLinksResolver - Exposing 2 endpoint(s) beneath base path '/actuator'
2019-12-16 23:27:39 [Test worker] INFO  c.e.s.SecureConfigClientApplicationTests - Started SecureConfigClientApplicationTests in 3.296 seconds (JVM running for 19.742)
2019-12-16 23:27:39 [SpringContextShutdownHook] INFO  o.s.s.c.ThreadPoolTaskExecutor - Shutting down ExecutorService 'applicationTaskExecutor'
2019-12-16 23:27:39 [SpringContextShutdownHook] INFO  o.s.o.j.LocalContainerEntityManagerFactoryBean - Closing JPA EntityManagerFactory for persistence unit 'myApi'
2019-12-16 23:27:39 [SpringContextShutdownHook] INFO  o.s.s.c.ThreadPoolTaskExecutor - Shutting down ExecutorService 'applicationTaskExecutor'
2019-12-16 23:27:39 [SpringContextShutdownHook] INFO  o.s.o.j.LocalContainerEntityManagerFactoryBean - Closing JPA EntityManagerFactory for persistence unit 'myApi'
2019-12-16 23:27:39 [SpringContextShutdownHook] INFO  com.zaxxer.hikari.HikariDataSource - HikariPool-1 - Shutdown initiated...
2019-12-16 23:27:39 [SpringContextShutdownHook] INFO  com.zaxxer.hikari.HikariDataSource - HikariPool-2 - Shutdown initiated...
2019-12-16 23:27:39 [SpringContextShutdownHook] INFO  com.zaxxer.hikari.HikariDataSource - HikariPool-1 - Shutdown completed.
2019-12-16 23:27:39 [SpringContextShutdownHook] INFO  com.zaxxer.hikari.HikariDataSource - HikariPool-2 - Shutdown completed.
2019-12-16 23:51:04 [Test worker] INFO  c.e.s.d.DomainControllerContractTest - Starting DomainControllerContractTest on DESKTOP-MI3HEM8 with PID 14432 (started by Tim in C:\dev\training\aws-secure-config\secure-config-client)
2019-12-16 23:51:04 [Test worker] DEBUG c.e.s.d.DomainControllerContractTest - Running with Spring Boot v2.2.0.RELEASE, Spring v5.2.0.RELEASE
2019-12-16 23:51:04 [Test worker] INFO  c.e.s.d.DomainControllerContractTest - No active profile set, falling back to default profiles: default
2019-12-16 23:51:05 [Test worker] INFO  o.s.d.r.c.RepositoryConfigurationDelegate - Bootstrapping Spring Data repositories in DEFAULT mode.
2019-12-16 23:51:05 [Test worker] INFO  o.s.d.r.c.RepositoryConfigurationDelegate - Finished Spring Data repository scanning in 93ms. Found 1 repository interfaces.
2019-12-16 23:51:07 [Test worker] INFO  o.s.c.s.PostProcessorRegistrationDelegate$BeanPostProcessorChecker - Bean 'org.springframework.transaction.annotation.ProxyTransactionManagementConfiguration' of type [org.springframework.transaction.annotation.ProxyTransactionManagementConfiguration] is not eligible for getting processed by all BeanPostProcessors (for example: not eligible for auto-proxying)
2019-12-16 23:51:08 [Test worker] INFO  com.zaxxer.hikari.HikariDataSource - HikariPool-1 - Starting...
2019-12-16 23:51:08 [Test worker] INFO  com.zaxxer.hikari.HikariDataSource - HikariPool-1 - Start completed.
2019-12-16 23:51:09 [Test worker] INFO  o.s.o.j.LocalContainerEntityManagerFactoryBean - Initialized JPA EntityManagerFactory for persistence unit 'myApi'
2019-12-16 23:51:10 [Test worker] INFO  liquibase.executor.jvm.JdbcExecutor - SELECT COUNT(*) FROM PUBLIC.DATABASECHANGELOGLOCK
2019-12-16 23:51:10 [Test worker] INFO  liquibase.executor.jvm.JdbcExecutor - CREATE TABLE PUBLIC.DATABASECHANGELOGLOCK (ID INT NOT NULL, LOCKED BOOLEAN NOT NULL, LOCKGRANTED TIMESTAMP, LOCKEDBY VARCHAR(255), CONSTRAINT PK_DATABASECHANGELOGLOCK PRIMARY KEY (ID))
2019-12-16 23:51:10 [Test worker] INFO  liquibase.executor.jvm.JdbcExecutor - SELECT COUNT(*) FROM PUBLIC.DATABASECHANGELOGLOCK
2019-12-16 23:51:10 [Test worker] INFO  liquibase.executor.jvm.JdbcExecutor - DELETE FROM PUBLIC.DATABASECHANGELOGLOCK
2019-12-16 23:51:10 [Test worker] INFO  liquibase.executor.jvm.JdbcExecutor - INSERT INTO PUBLIC.DATABASECHANGELOGLOCK (ID, LOCKED) VALUES (1, FALSE)
2019-12-16 23:51:10 [Test worker] INFO  liquibase.executor.jvm.JdbcExecutor - SELECT LOCKED FROM PUBLIC.DATABASECHANGELOGLOCK WHERE ID=1
2019-12-16 23:51:10 [Test worker] INFO  l.lockservice.StandardLockService - Successfully acquired change log lock
2019-12-16 23:51:11 [Test worker] INFO  l.c.StandardChangeLogHistoryService - Creating database history table with name: PUBLIC.DATABASECHANGELOG
2019-12-16 23:51:11 [Test worker] INFO  liquibase.executor.jvm.JdbcExecutor - CREATE TABLE PUBLIC.DATABASECHANGELOG (ID VARCHAR(255) NOT NULL, AUTHOR VARCHAR(255) NOT NULL, FILENAME VARCHAR(255) NOT NULL, DATEEXECUTED TIMESTAMP NOT NULL, ORDEREXECUTED INT NOT NULL, EXECTYPE VARCHAR(10) NOT NULL, MD5SUM VARCHAR(35), DESCRIPTION VARCHAR(255), COMMENTS VARCHAR(255), TAG VARCHAR(255), LIQUIBASE VARCHAR(20), CONTEXTS VARCHAR(255), LABELS VARCHAR(255), DEPLOYMENT_ID VARCHAR(10))
2019-12-16 23:51:11 [Test worker] INFO  liquibase.executor.jvm.JdbcExecutor - SELECT COUNT(*) FROM PUBLIC.DATABASECHANGELOG
2019-12-16 23:51:11 [Test worker] INFO  l.c.StandardChangeLogHistoryService - Reading from PUBLIC.DATABASECHANGELOG
2019-12-16 23:51:11 [Test worker] INFO  liquibase.executor.jvm.JdbcExecutor - SELECT * FROM PUBLIC.DATABASECHANGELOG ORDER BY DATEEXECUTED ASC, ORDEREXECUTED ASC
2019-12-16 23:51:11 [Test worker] INFO  liquibase.executor.jvm.JdbcExecutor - SELECT COUNT(*) FROM PUBLIC.DATABASECHANGELOGLOCK
2019-12-16 23:51:11 [Test worker] INFO  liquibase.executor.jvm.JdbcExecutor - CREATE TABLE PUBLIC.person (person_id BIGINT(20) AUTO_INCREMENT NOT NULL, first_name VARCHAR(255) NOT NULL, last_name VARCHAR(255) NOT NULL, date_of_birth date, email VARCHAR(50), CONSTRAINT PK_PERSON PRIMARY KEY (person_id))
2019-12-16 23:51:11 [Test worker] INFO  liquibase.changelog.ChangeSet - Table person created
2019-12-16 23:51:11 [Test worker] INFO  liquibase.changelog.ChangeSet - ChangeSet /db/changelog/schema/createTable-person.yml::createTable-person::Tim Hay ran successfully in 8ms
2019-12-16 23:51:11 [Test worker] INFO  liquibase.executor.jvm.JdbcExecutor - SELECT MAX(ORDEREXECUTED) FROM PUBLIC.DATABASECHANGELOG
2019-12-16 23:51:11 [Test worker] INFO  liquibase.executor.jvm.JdbcExecutor - INSERT INTO PUBLIC.DATABASECHANGELOG (ID, AUTHOR, FILENAME, DATEEXECUTED, ORDEREXECUTED, MD5SUM, DESCRIPTION, COMMENTS, EXECTYPE, CONTEXTS, LABELS, LIQUIBASE, DEPLOYMENT_ID) VALUES ('createTable-person', 'Tim Hay', '/db/changelog/schema/createTable-person.yml', NOW(), 1, '8:b1618b4ef154cdf063364943a7631941', 'createTable tableName=person', '', 'EXECUTED', NULL, NULL, '3.8.0', '6500671896')
2019-12-16 23:51:11 [Test worker] INFO  liquibase.executor.jvm.JdbcExecutor - INSERT INTO person
(person_id, first_name, last_name, email, date_of_birth)
VALUES (11111, 'Ginny', 'Weasley', 'ginny@hogwarts.com.au', '1990-01-01')
2019-12-16 23:51:11 [Test worker] INFO  liquibase.changelog.ChangeSet - SQL in file ../sql/aws-secure-config-seed.sql executed
2019-12-16 23:51:11 [Test worker] INFO  liquibase.changelog.ChangeSet - ChangeSet /db/changelog/test/changelog-seeddata.yml::aws-secure-config-test-data::Tim Hay ran successfully in 4ms
2019-12-16 23:51:11 [Test worker] INFO  liquibase.executor.jvm.JdbcExecutor - INSERT INTO PUBLIC.DATABASECHANGELOG (ID, AUTHOR, FILENAME, DATEEXECUTED, ORDEREXECUTED, MD5SUM, DESCRIPTION, COMMENTS, EXECTYPE, CONTEXTS, LABELS, LIQUIBASE, DEPLOYMENT_ID) VALUES ('aws-secure-config-test-data', 'Tim Hay', '/db/changelog/test/changelog-seeddata.yml', NOW(), 2, '8:68bd4f258eea6201202541523a87a1b9', 'sqlFile', '', 'EXECUTED', NULL, NULL, '3.8.0', '6500671896')
2019-12-16 23:51:11 [Test worker] INFO  l.lockservice.StandardLockService - Successfully released change log lock
2019-12-16 23:51:12 [Test worker] WARN  o.s.b.a.o.j.JpaBaseConfiguration$JpaWebConfiguration - spring.jpa.open-in-view is enabled by default. Therefore, database queries may be performed during view rendering. Explicitly configure spring.jpa.open-in-view to disable this warning
2019-12-16 23:51:13 [Test worker] INFO  o.s.s.c.ThreadPoolTaskExecutor - Initializing ExecutorService 'applicationTaskExecutor'
2019-12-16 23:51:14 [Test worker] INFO  o.s.b.t.m.w.SpringBootMockServletContext - Initializing Spring TestDispatcherServlet ''
2019-12-16 23:51:14 [Test worker] INFO  o.s.t.w.s.TestDispatcherServlet - Initializing Servlet ''
2019-12-16 23:51:14 [Test worker] INFO  o.s.b.a.e.web.EndpointLinksResolver - Exposing 2 endpoint(s) beneath base path '/actuator'
2019-12-16 23:51:14 [Test worker] INFO  o.s.t.w.s.TestDispatcherServlet - Completed initialization in 90 ms
2019-12-16 23:51:14 [Test worker] INFO  c.e.s.d.DomainControllerContractTest - Started DomainControllerContractTest in 13.036 seconds (JVM running for 15.764)
2019-12-16 23:51:14 [Test worker] INFO  o.s.b.t.m.w.SpringBootMockServletContext - Initializing Spring TestDispatcherServlet ''
2019-12-16 23:51:14 [Test worker] INFO  o.s.t.w.s.TestDispatcherServlet - Initializing Servlet ''
2019-12-16 23:51:14 [Test worker] INFO  o.s.t.w.s.TestDispatcherServlet - Completed initialization in 3 ms
2019-12-16 23:51:15 [Test worker] INFO  o.s.b.t.c.SpringBootTestContextBootstrapper - Neither @ContextConfiguration nor @ContextHierarchy found for test class [com.example.secureconfigclient.SecureConfigClientApplicationTests], using SpringBootContextLoader
2019-12-16 23:51:15 [Test worker] INFO  o.s.t.c.s.AbstractContextLoader - Could not detect default resource locations for test class [com.example.secureconfigclient.SecureConfigClientApplicationTests]: no resource found for suffixes {-context.xml, Context.groovy}.
2019-12-16 23:51:15 [Test worker] INFO  o.s.t.c.s.AnnotationConfigContextLoaderUtils - Could not detect default configuration classes for test class [com.example.secureconfigclient.SecureConfigClientApplicationTests]: SecureConfigClientApplicationTests does not declare any static, non-private, non-final, nested classes annotated with @Configuration.
2019-12-16 23:51:15 [Test worker] INFO  o.s.b.t.c.SpringBootTestContextBootstrapper - Found @SpringBootConfiguration com.example.secureconfigclient.SecureConfigClientApplication for test class com.example.secureconfigclient.SecureConfigClientApplicationTests
2019-12-16 23:51:15 [Test worker] INFO  o.s.b.t.c.SpringBootTestContextBootstrapper - Loaded default TestExecutionListener class names from location [META-INF/spring.factories]: [org.springframework.boot.test.autoconfigure.restdocs.RestDocsTestExecutionListener, org.springframework.boot.test.autoconfigure.web.client.MockRestServiceServerResetTestExecutionListener, org.springframework.boot.test.autoconfigure.web.servlet.MockMvcPrintOnlyOnFailureTestExecutionListener, org.springframework.boot.test.autoconfigure.web.servlet.WebDriverTestExecutionListener, org.springframework.boot.test.mock.mockito.MockitoTestExecutionListener, org.springframework.boot.test.mock.mockito.ResetMocksTestExecutionListener, org.springframework.test.context.web.ServletTestExecutionListener, org.springframework.test.context.support.DirtiesContextBeforeModesTestExecutionListener, org.springframework.test.context.support.DependencyInjectionTestExecutionListener, org.springframework.test.context.support.DirtiesContextTestExecutionListener, org.springframework.test.context.transaction.TransactionalTestExecutionListener, org.springframework.test.context.jdbc.SqlScriptsTestExecutionListener, org.springframework.test.context.event.EventPublishingTestExecutionListener]
2019-12-16 23:51:15 [Test worker] INFO  o.s.b.t.c.SpringBootTestContextBootstrapper - Using TestExecutionListeners: [org.springframework.test.context.web.ServletTestExecutionListener@7447d199, org.springframework.test.context.support.DirtiesContextBeforeModesTestExecutionListener@47112a39, org.springframework.boot.test.mock.mockito.MockitoTestExecutionListener@3c9c6fd8, org.springframework.boot.test.autoconfigure.SpringBootDependencyInjectionTestExecutionListener@5a9600b6, org.springframework.test.context.support.DirtiesContextTestExecutionListener@1017d964, org.springframework.test.context.transaction.TransactionalTestExecutionListener@5e9979bd, org.springframework.test.context.jdbc.SqlScriptsTestExecutionListener@1a42f19, org.springframework.test.context.event.EventPublishingTestExecutionListener@6bdd0c2b, org.springframework.boot.test.autoconfigure.restdocs.RestDocsTestExecutionListener@45af34cd, org.springframework.boot.test.autoconfigure.web.client.MockRestServiceServerResetTestExecutionListener@50eef954, org.springframework.boot.test.autoconfigure.web.servlet.MockMvcPrintOnlyOnFailureTestExecutionListener@7012c8b7, org.springframework.boot.test.autoconfigure.web.servlet.WebDriverTestExecutionListener@73ad2eca, org.springframework.boot.test.mock.mockito.ResetMocksTestExecutionListener@4f98752e]
2019-12-16 23:51:15 [Test worker] INFO  c.e.s.SecureConfigClientApplicationTests - Starting SecureConfigClientApplicationTests on DESKTOP-MI3HEM8 with PID 14432 (started by Tim in C:\dev\training\aws-secure-config\secure-config-client)
2019-12-16 23:51:15 [Test worker] DEBUG c.e.s.SecureConfigClientApplicationTests - Running with Spring Boot v2.2.0.RELEASE, Spring v5.2.0.RELEASE
2019-12-16 23:51:15 [Test worker] INFO  c.e.s.SecureConfigClientApplicationTests - No active profile set, falling back to default profiles: default
2019-12-16 23:51:16 [Test worker] INFO  o.s.d.r.c.RepositoryConfigurationDelegate - Bootstrapping Spring Data repositories in DEFAULT mode.
2019-12-16 23:51:16 [Test worker] INFO  o.s.d.r.c.RepositoryConfigurationDelegate - Finished Spring Data repository scanning in 15ms. Found 1 repository interfaces.
2019-12-16 23:51:16 [Test worker] INFO  o.s.c.s.PostProcessorRegistrationDelegate$BeanPostProcessorChecker - Bean 'org.springframework.transaction.annotation.ProxyTransactionManagementConfiguration' of type [org.springframework.transaction.annotation.ProxyTransactionManagementConfiguration] is not eligible for getting processed by all BeanPostProcessors (for example: not eligible for auto-proxying)
2019-12-16 23:51:16 [Test worker] INFO  com.zaxxer.hikari.HikariDataSource - HikariPool-2 - Starting...
2019-12-16 23:51:16 [Test worker] INFO  com.zaxxer.hikari.HikariDataSource - HikariPool-2 - Start completed.
2019-12-16 23:51:16 [Test worker] INFO  o.s.o.j.LocalContainerEntityManagerFactoryBean - Initialized JPA EntityManagerFactory for persistence unit 'myApi'
2019-12-16 23:51:17 [Test worker] INFO  liquibase.executor.jvm.JdbcExecutor - SELECT COUNT(*) FROM PUBLIC.DATABASECHANGELOGLOCK
2019-12-16 23:51:17 [Test worker] INFO  liquibase.executor.jvm.JdbcExecutor - SELECT COUNT(*) FROM PUBLIC.DATABASECHANGELOGLOCK
2019-12-16 23:51:17 [Test worker] INFO  liquibase.executor.jvm.JdbcExecutor - SELECT LOCKED FROM PUBLIC.DATABASECHANGELOGLOCK WHERE ID=1
2019-12-16 23:51:17 [Test worker] INFO  l.lockservice.StandardLockService - Successfully acquired change log lock
2019-12-16 23:51:17 [Test worker] INFO  liquibase.executor.jvm.JdbcExecutor - SELECT MD5SUM FROM PUBLIC.DATABASECHANGELOG WHERE MD5SUM IS NOT NULL
2019-12-16 23:51:17 [Test worker] INFO  liquibase.executor.jvm.JdbcExecutor - SELECT COUNT(*) FROM PUBLIC.DATABASECHANGELOG
2019-12-16 23:51:17 [Test worker] INFO  l.c.StandardChangeLogHistoryService - Reading from PUBLIC.DATABASECHANGELOG
2019-12-16 23:51:17 [Test worker] INFO  liquibase.executor.jvm.JdbcExecutor - SELECT * FROM PUBLIC.DATABASECHANGELOG ORDER BY DATEEXECUTED ASC, ORDEREXECUTED ASC
2019-12-16 23:51:17 [Test worker] INFO  l.lockservice.StandardLockService - Successfully released change log lock
2019-12-16 23:51:17 [Test worker] WARN  o.s.b.a.o.j.JpaBaseConfiguration$JpaWebConfiguration - spring.jpa.open-in-view is enabled by default. Therefore, database queries may be performed during view rendering. Explicitly configure spring.jpa.open-in-view to disable this warning
2019-12-16 23:51:17 [Test worker] INFO  o.s.s.c.ThreadPoolTaskExecutor - Initializing ExecutorService 'applicationTaskExecutor'
2019-12-16 23:51:18 [Test worker] INFO  o.s.b.a.e.web.EndpointLinksResolver - Exposing 2 endpoint(s) beneath base path '/actuator'
2019-12-16 23:51:18 [Test worker] INFO  c.e.s.SecureConfigClientApplicationTests - Started SecureConfigClientApplicationTests in 3.251 seconds (JVM running for 19.629)
2019-12-16 23:51:18 [SpringContextShutdownHook] INFO  o.s.s.c.ThreadPoolTaskExecutor - Shutting down ExecutorService 'applicationTaskExecutor'
2019-12-16 23:51:18 [SpringContextShutdownHook] INFO  o.s.s.c.ThreadPoolTaskExecutor - Shutting down ExecutorService 'applicationTaskExecutor'
2019-12-16 23:51:18 [SpringContextShutdownHook] INFO  o.s.o.j.LocalContainerEntityManagerFactoryBean - Closing JPA EntityManagerFactory for persistence unit 'myApi'
2019-12-16 23:51:18 [SpringContextShutdownHook] INFO  o.s.o.j.LocalContainerEntityManagerFactoryBean - Closing JPA EntityManagerFactory for persistence unit 'myApi'
2019-12-16 23:51:18 [SpringContextShutdownHook] INFO  com.zaxxer.hikari.HikariDataSource - HikariPool-1 - Shutdown initiated...
2019-12-16 23:51:18 [SpringContextShutdownHook] INFO  com.zaxxer.hikari.HikariDataSource - HikariPool-2 - Shutdown initiated...
2019-12-16 23:51:18 [SpringContextShutdownHook] INFO  com.zaxxer.hikari.HikariDataSource - HikariPool-1 - Shutdown completed.
2019-12-16 23:51:18 [SpringContextShutdownHook] INFO  com.zaxxer.hikari.HikariDataSource - HikariPool-2 - Shutdown completed.
